METODO: 4 
QUANTIADE: 100 
SITUACAO: 1

-----------------TESTE: 1/10 | CHAVE: 83-----------------

Registro foi localizado. Chave: 83. Dado 1: 918902028

Numero Tranferencia Indexacao: 100
Numero Comparacoes Indexacao: 1415
Tempo decorrido Indexacao: 0.027149

Numero Tranferencia Pesquisa: 0
Numero Comparacoes Pesquisa: 19
Tempo decorrido Pesquisa: 0.000003

-----------------TESTE: 2/10 | CHAVE: 86-----------------

Registro foi localizado. Chave: 86. Dado 1: 847824767

Numero Tranferencia Indexacao: 100
Numero Comparacoes Indexacao: 1415
Tempo decorrido Indexacao: 0.001503

Numero Tranferencia Pesquisa: 0
Numero Comparacoes Pesquisa: 18
Tempo decorrido Pesquisa: 0.000002

-----------------TESTE: 3/10 | CHAVE: 77-----------------

Registro foi localizado. Chave: 77. Dado 1: 573106605

Numero Tranferencia Indexacao: 100
Numero Comparacoes Indexacao: 1415
Tempo decorrido Indexacao: 0.002256

Numero Tranferencia Pesquisa: 0
Numero Comparacoes Pesquisa: 18
Tempo decorrido Pesquisa: 0.000002

-----------------TESTE: 4/10 | CHAVE: 15-----------------

Registro foi localizado. Chave: 15. Dado 1: 1984435570

Numero Tranferencia Indexacao: 100
Numero Comparacoes Indexacao: 1415
Tempo decorrido Indexacao: 0.001824

Numero Tranferencia Pesquisa: 0
Numero Comparacoes Pesquisa: 16
Tempo decorrido Pesquisa: 0.000002

-----------------TESTE: 5/10 | CHAVE: 93-----------------

Registro foi localizado. Chave: 93. Dado 1: 1066299610

Numero Tranferencia Indexacao: 100
Numero Comparacoes Indexacao: 1415
Tempo decorrido Indexacao: 0.001723

Numero Tranferencia Pesquisa: 0
Numero Comparacoes Pesquisa: 20
Tempo decorrido Pesquisa: 0.000002

-----------------TESTE: 6/10 | CHAVE: 35-----------------

Registro foi localizado. Chave: 35. Dado 1: 591432183

Numero Tranferencia Indexacao: 100
Numero Comparacoes Indexacao: 1415
Tempo decorrido Indexacao: 0.001672

Numero Tranferencia Pesquisa: 0
Numero Comparacoes Pesquisa: 17
Tempo decorrido Pesquisa: 0.000004

-----------------TESTE: 7/10 | CHAVE: 86-----------------

Registro foi localizado. Chave: 86. Dado 1: 847824767

Numero Tranferencia Indexacao: 100
Numero Comparacoes Indexacao: 1415
Tempo decorrido Indexacao: 0.002814

Numero Tranferencia Pesquisa: 0
Numero Comparacoes Pesquisa: 18
Tempo decorrido Pesquisa: 0.000003

-----------------TESTE: 8/10 | CHAVE: 92-----------------

Registro foi localizado. Chave: 92. Dado 1: 783394510

Numero Tranferencia Indexacao: 100
Numero Comparacoes Indexacao: 1415
Tempo decorrido Indexacao: 0.002020

Numero Tranferencia Pesquisa: 0
Numero Comparacoes Pesquisa: 18
Tempo decorrido Pesquisa: 0.000001

-----------------TESTE: 9/10 | CHAVE: 49-----------------

Registro foi localizado. Chave: 49. Dado 1: 1479839582

Numero Tranferencia Indexacao: 100
Numero Comparacoes Indexacao: 1415
Tempo decorrido Indexacao: 0.001527

Numero Tranferencia Pesquisa: 0
Numero Comparacoes Pesquisa: 17
Tempo decorrido Pesquisa: 0.000002

-----------------TESTE: 10/10 | CHAVE: 21-----------------

Registro foi localizado. Chave: 21. Dado 1: 379344584

Numero Tranferencia Indexacao: 100
Numero Comparacoes Indexacao: 1415
Tempo decorrido Indexacao: 0.001534

Numero Tranferencia Pesquisa: 0
Numero Comparacoes Pesquisa: 16
Tempo decorrido Pesquisa: 0.000002

-------------------MEDIA DOS RESULTADOS-------------------

Numero Tranferencia Media Indexacao: 100.000000
Numero Comparacoes Media Indexacao: 1415.000000
Tempo decorrido Media Indexacao: 0.004402

Numero Tranferencia Media Pesquisa: 0.000000
Numero Comparacoes Media Pesquisa: 17.700000
Tempo decorrido Media Pesquisa: 0.000002


----------------------------------------------------------------------------------------------------------------------------

METODO: 4 
QUANTIADE: 100 
SITUACAO: 2

-----------------TESTE: 1/10 | CHAVE: 999916-----------------

Registro foi localizado. Chave: 999916. Dado 1: 18788203

Numero Tranferencia Indexacao: 100
Numero Comparacoes Indexacao: 1149
Tempo decorrido Indexacao: 0.037551

Numero Tranferencia Pesquisa: 0
Numero Comparacoes Pesquisa: 15
Tempo decorrido Pesquisa: 0.000002

-----------------TESTE: 2/10 | CHAVE: 999913-----------------

Registro foi localizado. Chave: 999913. Dado 1: 592176683

Numero Tranferencia Indexacao: 100
Numero Comparacoes Indexacao: 1149
Tempo decorrido Indexacao: 0.001158

Numero Tranferencia Pesquisa: 0
Numero Comparacoes Pesquisa: 14
Tempo decorrido Pesquisa: 0.000003

-----------------TESTE: 3/10 | CHAVE: 999922-----------------

Registro foi localizado. Chave: 999922. Dado 1: 2115446995

Numero Tranferencia Indexacao: 100
Numero Comparacoes Indexacao: 1149
Tempo decorrido Indexacao: 0.001600

Numero Tranferencia Pesquisa: 0
Numero Comparacoes Pesquisa: 15
Tempo decorrido Pesquisa: 0.000002

-----------------TESTE: 4/10 | CHAVE: 999984-----------------

Registro foi localizado. Chave: 999984. Dado 1: 690891073

Numero Tranferencia Indexacao: 100
Numero Comparacoes Indexacao: 1149
Tempo decorrido Indexacao: 0.001202

Numero Tranferencia Pesquisa: 0
Numero Comparacoes Pesquisa: 17
Tempo decorrido Pesquisa: 0.000002

-----------------TESTE: 5/10 | CHAVE: 999906-----------------

Registro foi localizado. Chave: 999906. Dado 1: 598573100

Numero Tranferencia Indexacao: 100
Numero Comparacoes Indexacao: 1149
Tempo decorrido Indexacao: 0.003208

Numero Tranferencia Pesquisa: 0
Numero Comparacoes Pesquisa: 16
Tempo decorrido Pesquisa: 0.000006

-----------------TESTE: 6/10 | CHAVE: 999964-----------------

Registro foi localizado. Chave: 999964. Dado 1: 1199918207

Numero Tranferencia Indexacao: 100
Numero Comparacoes Indexacao: 1149
Tempo decorrido Indexacao: 0.001652

Numero Tranferencia Pesquisa: 0
Numero Comparacoes Pesquisa: 15
Tempo decorrido Pesquisa: 0.000003

-----------------TESTE: 7/10 | CHAVE: 999913-----------------

Registro foi localizado. Chave: 999913. Dado 1: 592176683

Numero Tranferencia Indexacao: 100
Numero Comparacoes Indexacao: 1149
Tempo decorrido Indexacao: 0.001483

Numero Tranferencia Pesquisa: 0
Numero Comparacoes Pesquisa: 14
Tempo decorrido Pesquisa: 0.000003

-----------------TESTE: 8/10 | CHAVE: 999907-----------------

Registro foi localizado. Chave: 999907. Dado 1: 215351854

Numero Tranferencia Indexacao: 100
Numero Comparacoes Indexacao: 1149
Tempo decorrido Indexacao: 0.002818

Numero Tranferencia Pesquisa: 0
Numero Comparacoes Pesquisa: 14
Tempo decorrido Pesquisa: 0.000002

-----------------TESTE: 9/10 | CHAVE: 999950-----------------

Registro foi localizado. Chave: 999950. Dado 1: 1563544807

Numero Tranferencia Indexacao: 100
Numero Comparacoes Indexacao: 1149
Tempo decorrido Indexacao: 0.001164

Numero Tranferencia Pesquisa: 0
Numero Comparacoes Pesquisa: 16
Tempo decorrido Pesquisa: 0.000001

-----------------TESTE: 10/10 | CHAVE: 999978-----------------

Registro foi localizado. Chave: 999978. Dado 1: 1636163088

Numero Tranferencia Indexacao: 100
Numero Comparacoes Indexacao: 1149
Tempo decorrido Indexacao: 0.001257

Numero Tranferencia Pesquisa: 0
Numero Comparacoes Pesquisa: 17
Tempo decorrido Pesquisa: 0.000003

-------------------MEDIA DOS RESULTADOS-------------------

Numero Tranferencia Media Indexacao: 200.000000
Numero Comparacoes Media Indexacao: 2564.000000
Tempo decorrido Media Indexacao: 0.009712

Numero Tranferencia Media Pesquisa: 0.000000
Numero Comparacoes Media Pesquisa: 33.000000
Tempo decorrido Media Pesquisa: 0.000005


----------------------------------------------------------------------------------------------------------------------------

METODO: 4 
QUANTIADE: 100 
SITUACAO: 3

-----------------TESTE: 1/10 | CHAVE: 646186-----------------

Registro foi localizado. Chave: 646186. Dado 1: 822113219

Numero Tranferencia Indexacao: 100
Numero Comparacoes Indexacao: 1144
Tempo decorrido Indexacao: 0.009579

Numero Tranferencia Pesquisa: 0
Numero Comparacoes Pesquisa: 17
Tempo decorrido Pesquisa: 0.000003

-----------------TESTE: 2/10 | CHAVE: 151278-----------------

Registro foi localizado. Chave: 151278. Dado 1: 295449596

Numero Tranferencia Indexacao: 100
Numero Comparacoes Indexacao: 1144
Tempo decorrido Indexacao: 0.001542

Numero Tranferencia Pesquisa: 0
Numero Comparacoes Pesquisa: 17
Tempo decorrido Pesquisa: 0.000005

-----------------TESTE: 3/10 | CHAVE: 636770-----------------

Registro foi localizado. Chave: 636770. Dado 1: 1340106615

Numero Tranferencia Indexacao: 100
Numero Comparacoes Indexacao: 1144
Tempo decorrido Indexacao: 0.001378

Numero Tranferencia Pesquisa: 0
Numero Comparacoes Pesquisa: 16
Tempo decorrido Pesquisa: 0.000002

-----------------TESTE: 4/10 | CHAVE: 638845-----------------

Registro nao foi localizado. Chave 638845

-----------------TESTE: 5/10 | CHAVE: 593057-----------------

Registro foi localizado. Chave: 593057. Dado 1: 1328754901

Numero Tranferencia Indexacao: 100
Numero Comparacoes Indexacao: 1144
Tempo decorrido Indexacao: 0.001741

Numero Tranferencia Pesquisa: 0
Numero Comparacoes Pesquisa: 15
Tempo decorrido Pesquisa: 0.000002

-----------------TESTE: 6/10 | CHAVE: 878157-----------------

Registro nao foi localizado. Chave 878157

-----------------TESTE: 7/10 | CHAVE: 151278-----------------

Registro foi localizado. Chave: 151278. Dado 1: 295449596

Numero Tranferencia Indexacao: 100
Numero Comparacoes Indexacao: 1144
Tempo decorrido Indexacao: 0.001147

Numero Tranferencia Pesquisa: 0
Numero Comparacoes Pesquisa: 17
Tempo decorrido Pesquisa: 0.000002

-----------------TESTE: 8/10 | CHAVE: 830650-----------------

Registro foi localizado. Chave: 830650. Dado 1: 1867970471

Numero Tranferencia Indexacao: 100
Numero Comparacoes Indexacao: 1144
Tempo decorrido Indexacao: 0.001361

Numero Tranferencia Pesquisa: 0
Numero Comparacoes Pesquisa: 19
Tempo decorrido Pesquisa: 0.000003

-----------------TESTE: 9/10 | CHAVE: 875798-----------------

Registro foi localizado. Chave: 875798. Dado 1: 1724368595

Numero Tranferencia Indexacao: 100
Numero Comparacoes Indexacao: 1144
Tempo decorrido Indexacao: 0.001362

Numero Tranferencia Pesquisa: 0
Numero Comparacoes Pesquisa: 18
Tempo decorrido Pesquisa: 0.000003

-----------------TESTE: 10/10 | CHAVE: 257451-----------------

Registro foi localizado. Chave: 257451. Dado 1: 371805348

Numero Tranferencia Indexacao: 100
Numero Comparacoes Indexacao: 1144
Tempo decorrido Indexacao: 0.001356

Numero Tranferencia Pesquisa: 0
Numero Comparacoes Pesquisa: 16
Tempo decorrido Pesquisa: 0.000006

-------------------MEDIA DOS RESULTADOS-------------------

Numero Tranferencia Media Indexacao: 300.000000
Numero Comparacoes Media Indexacao: 3708.000000
Tempo decorrido Media Indexacao: 0.012264

Numero Tranferencia Media Pesquisa: 0.000000
Numero Comparacoes Media Pesquisa: 49.900000
Tempo decorrido Media Pesquisa: 0.000008


----------------------------------------------------------------------------------------------------------------------------

METODO: 4 
QUANTIADE: 1000 
SITUACAO: 1

-----------------TESTE: 1/10 | CHAVE: 383-----------------

Registro foi localizado. Chave: 383. Dado 1: 1003161724

Numero Tranferencia Indexacao: 1000
Numero Comparacoes Indexacao: 24801
Tempo decorrido Indexacao: 0.215906

Numero Tranferencia Pesquisa: 0
Numero Comparacoes Pesquisa: 26
Tempo decorrido Pesquisa: 0.000004

-----------------TESTE: 2/10 | CHAVE: 886-----------------

Registro foi localizado. Chave: 886. Dado 1: 1697001204

Numero Tranferencia Indexacao: 1000
Numero Comparacoes Indexacao: 24801
Tempo decorrido Indexacao: 0.139502

Numero Tranferencia Pesquisa: 0
Numero Comparacoes Pesquisa: 26
Tempo decorrido Pesquisa: 0.000003

-----------------TESTE: 3/10 | CHAVE: 777-----------------

Registro foi localizado. Chave: 777. Dado 1: 730641828

Numero Tranferencia Indexacao: 1000
Numero Comparacoes Indexacao: 24801
Tempo decorrido Indexacao: 0.136928

Numero Tranferencia Pesquisa: 0
Numero Comparacoes Pesquisa: 27
Tempo decorrido Pesquisa: 0.000004

-----------------TESTE: 4/10 | CHAVE: 915-----------------

Registro foi localizado. Chave: 915. Dado 1: 1295388540

Numero Tranferencia Indexacao: 1000
Numero Comparacoes Indexacao: 24801
Tempo decorrido Indexacao: 0.168909

Numero Tranferencia Pesquisa: 0
Numero Comparacoes Pesquisa: 28
Tempo decorrido Pesquisa: 0.000004

-----------------TESTE: 5/10 | CHAVE: 793-----------------

Registro foi localizado. Chave: 793. Dado 1: 1223213086

Numero Tranferencia Indexacao: 1000
Numero Comparacoes Indexacao: 24801
Tempo decorrido Indexacao: 0.084973

Numero Tranferencia Pesquisa: 0
Numero Comparacoes Pesquisa: 26
Tempo decorrido Pesquisa: 0.000004

-----------------TESTE: 6/10 | CHAVE: 335-----------------

Registro foi localizado. Chave: 335. Dado 1: 1689778391

Numero Tranferencia Indexacao: 1000
Numero Comparacoes Indexacao: 24801
Tempo decorrido Indexacao: 0.026050

Numero Tranferencia Pesquisa: 0
Numero Comparacoes Pesquisa: 26
Tempo decorrido Pesquisa: 0.000005

-----------------TESTE: 7/10 | CHAVE: 386-----------------

Registro foi localizado. Chave: 386. Dado 1: 274510398

Numero Tranferencia Indexacao: 1000
Numero Comparacoes Indexacao: 24801
Tempo decorrido Indexacao: 0.025929

Numero Tranferencia Pesquisa: 0
Numero Comparacoes Pesquisa: 25
Tempo decorrido Pesquisa: 0.000005

-----------------TESTE: 8/10 | CHAVE: 492-----------------

Registro foi localizado. Chave: 492. Dado 1: 1971830276

Numero Tranferencia Indexacao: 1000
Numero Comparacoes Indexacao: 24801
Tempo decorrido Indexacao: 0.043754

Numero Tranferencia Pesquisa: 0
Numero Comparacoes Pesquisa: 22
Tempo decorrido Pesquisa: 0.000005

-----------------TESTE: 9/10 | CHAVE: 649-----------------

Registro foi localizado. Chave: 649. Dado 1: 109230141

Numero Tranferencia Indexacao: 1000
Numero Comparacoes Indexacao: 24801
Tempo decorrido Indexacao: 0.046850

Numero Tranferencia Pesquisa: 0
Numero Comparacoes Pesquisa: 24
Tempo decorrido Pesquisa: 0.000004

-----------------TESTE: 10/10 | CHAVE: 421-----------------

Registro foi localizado. Chave: 421. Dado 1: 1447051272

Numero Tranferencia Indexacao: 1000
Numero Comparacoes Indexacao: 24801
Tempo decorrido Indexacao: 0.031170

Numero Tranferencia Pesquisa: 0
Numero Comparacoes Pesquisa: 27
Tempo decorrido Pesquisa: 0.000005

-------------------MEDIA DOS RESULTADOS-------------------

Numero Tranferencia Media Indexacao: 1300.000000
Numero Comparacoes Media Indexacao: 28509.000000
Tempo decorrido Media Indexacao: 0.104261

Numero Tranferencia Media Pesquisa: 0.000000
Numero Comparacoes Media Pesquisa: 75.600000
Tempo decorrido Media Pesquisa: 0.000012


----------------------------------------------------------------------------------------------------------------------------

METODO: 4 
QUANTIADE: 1000 
SITUACAO: 2

-----------------TESTE: 1/10 | CHAVE: 999616-----------------

Registro foi localizado. Chave: 999616. Dado 1: 530129956

Numero Tranferencia Indexacao: 1000
Numero Comparacoes Indexacao: 17944
Tempo decorrido Indexacao: 0.114944

Numero Tranferencia Pesquisa: 0
Numero Comparacoes Pesquisa: 23
Tempo decorrido Pesquisa: 0.000004

-----------------TESTE: 2/10 | CHAVE: 999113-----------------

Registro foi localizado. Chave: 999113. Dado 1: 1807285527

Numero Tranferencia Indexacao: 1000
Numero Comparacoes Indexacao: 17944
Tempo decorrido Indexacao: 0.015626

Numero Tranferencia Pesquisa: 0
Numero Comparacoes Pesquisa: 22
Tempo decorrido Pesquisa: 0.000003

-----------------TESTE: 3/10 | CHAVE: 999222-----------------

Registro foi localizado. Chave: 999222. Dado 1: 355539448

Numero Tranferencia Indexacao: 1000
Numero Comparacoes Indexacao: 17944
Tempo decorrido Indexacao: 0.015851

Numero Tranferencia Pesquisa: 0
Numero Comparacoes Pesquisa: 24
Tempo decorrido Pesquisa: 0.000004

-----------------TESTE: 4/10 | CHAVE: 999084-----------------

Registro foi localizado. Chave: 999084. Dado 1: 1901135890

Numero Tranferencia Indexacao: 1000
Numero Comparacoes Indexacao: 17944
Tempo decorrido Indexacao: 0.016986

Numero Tranferencia Pesquisa: 0
Numero Comparacoes Pesquisa: 23
Tempo decorrido Pesquisa: 0.000003

-----------------TESTE: 5/10 | CHAVE: 999206-----------------

Registro foi localizado. Chave: 999206. Dado 1: 1047940975

Numero Tranferencia Indexacao: 1000
Numero Comparacoes Indexacao: 17944
Tempo decorrido Indexacao: 0.020666

Numero Tranferencia Pesquisa: 0
Numero Comparacoes Pesquisa: 23
Tempo decorrido Pesquisa: 0.000007

-----------------TESTE: 6/10 | CHAVE: 999664-----------------

Registro foi localizado. Chave: 999664. Dado 1: 1046172433

Numero Tranferencia Indexacao: 1000
Numero Comparacoes Indexacao: 17944
Tempo decorrido Indexacao: 0.015471

Numero Tranferencia Pesquisa: 0
Numero Comparacoes Pesquisa: 25
Tempo decorrido Pesquisa: 0.000005

-----------------TESTE: 7/10 | CHAVE: 999613-----------------

Registro foi localizado. Chave: 999613. Dado 1: 666807105

Numero Tranferencia Indexacao: 1000
Numero Comparacoes Indexacao: 17944
Tempo decorrido Indexacao: 0.015750

Numero Tranferencia Pesquisa: 0
Numero Comparacoes Pesquisa: 23
Tempo decorrido Pesquisa: 0.000004

-----------------TESTE: 8/10 | CHAVE: 999507-----------------

Registro foi localizado. Chave: 999507. Dado 1: 675178600

Numero Tranferencia Indexacao: 1000
Numero Comparacoes Indexacao: 17944
Tempo decorrido Indexacao: 0.016267

Numero Tranferencia Pesquisa: 0
Numero Comparacoes Pesquisa: 25
Tempo decorrido Pesquisa: 0.000004

-----------------TESTE: 9/10 | CHAVE: 999350-----------------

Registro foi localizado. Chave: 999350. Dado 1: 1299883642

Numero Tranferencia Indexacao: 1000
Numero Comparacoes Indexacao: 17944
Tempo decorrido Indexacao: 0.015853

Numero Tranferencia Pesquisa: 0
Numero Comparacoes Pesquisa: 24
Tempo decorrido Pesquisa: 0.000003

-----------------TESTE: 10/10 | CHAVE: 999578-----------------

Registro foi localizado. Chave: 999578. Dado 1: 154622387

Numero Tranferencia Indexacao: 1000
Numero Comparacoes Indexacao: 17944
Tempo decorrido Indexacao: 0.019725

Numero Tranferencia Pesquisa: 0
Numero Comparacoes Pesquisa: 24
Tempo decorrido Pesquisa: 0.000008

-------------------MEDIA DOS RESULTADOS-------------------

Numero Tranferencia Media Indexacao: 2300.000000
Numero Comparacoes Media Indexacao: 46453.000000
Tempo decorrido Media Indexacao: 0.130975

Numero Tranferencia Media Pesquisa: 0.000000
Numero Comparacoes Media Pesquisa: 99.200000
Tempo decorrido Media Pesquisa: 0.000017


----------------------------------------------------------------------------------------------------------------------------

METODO: 4 
QUANTIADE: 1000 
SITUACAO: 3

-----------------TESTE: 1/10 | CHAVE: 937166-----------------

Registro nao foi localizado. Chave 937166

-----------------TESTE: 2/10 | CHAVE: 680431-----------------

Registro foi localizado. Chave: 680431. Dado 1: 722604391

Numero Tranferencia Indexacao: 1000
Numero Comparacoes Indexacao: 18961
Tempo decorrido Indexacao: 0.017219

Numero Tranferencia Pesquisa: 0
Numero Comparacoes Pesquisa: 23
Tempo decorrido Pesquisa: 0.000003

-----------------TESTE: 3/10 | CHAVE: 648952-----------------

Registro foi localizado. Chave: 648952. Dado 1: 2138201918

Numero Tranferencia Indexacao: 1000
Numero Comparacoes Indexacao: 18961
Tempo decorrido Indexacao: 0.016944

Numero Tranferencia Pesquisa: 0
Numero Comparacoes Pesquisa: 24
Tempo decorrido Pesquisa: 0.000006

-----------------TESTE: 4/10 | CHAVE: 467381-----------------

Registro foi localizado. Chave: 467381. Dado 1: 116515319

Numero Tranferencia Indexacao: 1000
Numero Comparacoes Indexacao: 18961
Tempo decorrido Indexacao: 0.020096

Numero Tranferencia Pesquisa: 0
Numero Comparacoes Pesquisa: 26
Tempo decorrido Pesquisa: 0.000003

-----------------TESTE: 5/10 | CHAVE: 78369-----------------

Registro foi localizado. Chave: 78369. Dado 1: 1463877855

Numero Tranferencia Indexacao: 1000
Numero Comparacoes Indexacao: 18961
Tempo decorrido Indexacao: 0.017521

Numero Tranferencia Pesquisa: 0
Numero Comparacoes Pesquisa: 26
Tempo decorrido Pesquisa: 0.000003

-----------------TESTE: 6/10 | CHAVE: 565353-----------------

Registro foi localizado. Chave: 565353. Dado 1: 84892635

Numero Tranferencia Indexacao: 1000
Numero Comparacoes Indexacao: 18961
Tempo decorrido Indexacao: 0.017059

Numero Tranferencia Pesquisa: 0
Numero Comparacoes Pesquisa: 27
Tempo decorrido Pesquisa: 0.000003

-----------------TESTE: 7/10 | CHAVE: 774941-----------------

Registro foi localizado. Chave: 774941. Dado 1: 548757867

Numero Tranferencia Indexacao: 1000
Numero Comparacoes Indexacao: 18961
Tempo decorrido Indexacao: 0.015302

Numero Tranferencia Pesquisa: 0
Numero Comparacoes Pesquisa: 23
Tempo decorrido Pesquisa: 0.000003

-----------------TESTE: 8/10 | CHAVE: 33639-----------------

Registro foi localizado. Chave: 33639. Dado 1: 680468608

Numero Tranferencia Indexacao: 1000
Numero Comparacoes Indexacao: 18961
Tempo decorrido Indexacao: 0.017068

Numero Tranferencia Pesquisa: 0
Numero Comparacoes Pesquisa: 22
Tempo decorrido Pesquisa: 0.000003

-----------------TESTE: 9/10 | CHAVE: 81060-----------------

Registro nao foi localizado. Chave 81060

-----------------TESTE: 10/10 | CHAVE: 560894-----------------

Registro foi localizado. Chave: 560894. Dado 1: 2050532721

Numero Tranferencia Indexacao: 1000
Numero Comparacoes Indexacao: 18961
Tempo decorrido Indexacao: 0.015262

Numero Tranferencia Pesquisa: 0
Numero Comparacoes Pesquisa: 27
Tempo decorrido Pesquisa: 0.000006

-------------------MEDIA DOS RESULTADOS-------------------

Numero Tranferencia Media Indexacao: 3300.000000
Numero Comparacoes Media Indexacao: 65414.000000
Tempo decorrido Media Indexacao: 0.153950

Numero Tranferencia Media Pesquisa: 0.000000
Numero Comparacoes Media Pesquisa: 124.100000
Tempo decorrido Media Pesquisa: 0.000020


----------------------------------------------------------------------------------------------------------------------------

METODO: 4 
QUANTIADE: 10000 
SITUACAO: 1

-----------------TESTE: 1/10 | CHAVE: 9383-----------------

Registro foi localizado. Chave: 9383. Dado 1: 204560253

Numero Tranferencia Indexacao: 10000
Numero Comparacoes Indexacao: 353277
Tempo decorrido Indexacao: 1.033606

Numero Tranferencia Pesquisa: 0
Numero Comparacoes Pesquisa: 36
Tempo decorrido Pesquisa: 0.000005

-----------------TESTE: 2/10 | CHAVE: 886-----------------

Registro foi localizado. Chave: 886. Dado 1: 1697001204

Numero Tranferencia Indexacao: 10000
Numero Comparacoes Indexacao: 353277
Tempo decorrido Indexacao: 0.274532

Numero Tranferencia Pesquisa: 0
Numero Comparacoes Pesquisa: 33
Tempo decorrido Pesquisa: 0.000005

-----------------TESTE: 3/10 | CHAVE: 2777-----------------

Registro foi localizado. Chave: 2777. Dado 1: 2133502266

Numero Tranferencia Indexacao: 10000
Numero Comparacoes Indexacao: 353277
Tempo decorrido Indexacao: 0.572992

Numero Tranferencia Pesquisa: 0
Numero Comparacoes Pesquisa: 34
Tempo decorrido Pesquisa: 0.000006

-----------------TESTE: 4/10 | CHAVE: 6915-----------------

Registro foi localizado. Chave: 6915. Dado 1: 1755517766

Numero Tranferencia Indexacao: 10000
Numero Comparacoes Indexacao: 353277
Tempo decorrido Indexacao: 0.302089

Numero Tranferencia Pesquisa: 0
Numero Comparacoes Pesquisa: 33
Tempo decorrido Pesquisa: 0.000005

-----------------TESTE: 5/10 | CHAVE: 7793-----------------

Registro foi localizado. Chave: 7793. Dado 1: 2081157131

Numero Tranferencia Indexacao: 10000
Numero Comparacoes Indexacao: 353277
Tempo decorrido Indexacao: 0.941306

Numero Tranferencia Pesquisa: 0
Numero Comparacoes Pesquisa: 33
Tempo decorrido Pesquisa: 0.000004

-----------------TESTE: 6/10 | CHAVE: 8335-----------------

Registro foi localizado. Chave: 8335. Dado 1: 814921539

Numero Tranferencia Indexacao: 10000
Numero Comparacoes Indexacao: 353277
Tempo decorrido Indexacao: 0.282965

Numero Tranferencia Pesquisa: 0
Numero Comparacoes Pesquisa: 34
Tempo decorrido Pesquisa: 0.000004

-----------------TESTE: 7/10 | CHAVE: 5386-----------------

Registro foi localizado. Chave: 5386. Dado 1: 245047829

Numero Tranferencia Indexacao: 10000
Numero Comparacoes Indexacao: 353277
Tempo decorrido Indexacao: 0.417254

Numero Tranferencia Pesquisa: 0
Numero Comparacoes Pesquisa: 31
Tempo decorrido Pesquisa: 0.000007

-----------------TESTE: 8/10 | CHAVE: 492-----------------

Registro foi localizado. Chave: 492. Dado 1: 1971830276

Numero Tranferencia Indexacao: 10000
Numero Comparacoes Indexacao: 353277
Tempo decorrido Indexacao: 0.284711

Numero Tranferencia Pesquisa: 0
Numero Comparacoes Pesquisa: 29
Tempo decorrido Pesquisa: 0.000005

-----------------TESTE: 9/10 | CHAVE: 6649-----------------

Registro foi localizado. Chave: 6649. Dado 1: 1942347815

Numero Tranferencia Indexacao: 10000
Numero Comparacoes Indexacao: 353277
Tempo decorrido Indexacao: 0.312614

Numero Tranferencia Pesquisa: 0
Numero Comparacoes Pesquisa: 33
Tempo decorrido Pesquisa: 0.000004

-----------------TESTE: 10/10 | CHAVE: 1421-----------------

Registro foi localizado. Chave: 1421. Dado 1: 438825962

Numero Tranferencia Indexacao: 10000
Numero Comparacoes Indexacao: 353277
Tempo decorrido Indexacao: 0.654407

Numero Tranferencia Pesquisa: 0
Numero Comparacoes Pesquisa: 34
Tempo decorrido Pesquisa: 0.000008

-------------------MEDIA DOS RESULTADOS-------------------

Numero Tranferencia Media Indexacao: 13300.000000
Numero Comparacoes Media Indexacao: 418691.000000
Tempo decorrido Media Indexacao: 0.661598

Numero Tranferencia Media Pesquisa: 0.000000
Numero Comparacoes Media Pesquisa: 157.100000
Tempo decorrido Media Pesquisa: 0.000025


----------------------------------------------------------------------------------------------------------------------------

METODO: 4 
QUANTIADE: 10000 
SITUACAO: 2

-----------------TESTE: 1/10 | CHAVE: 990616-----------------

Registro foi localizado. Chave: 990616. Dado 1: 1003823031

Numero Tranferencia Indexacao: 10000
Numero Comparacoes Indexacao: 241929
Tempo decorrido Indexacao: 3.495959

Numero Tranferencia Pesquisa: 0
Numero Comparacoes Pesquisa: 29
Tempo decorrido Pesquisa: 0.000005

-----------------TESTE: 2/10 | CHAVE: 999113-----------------

Registro foi localizado. Chave: 999113. Dado 1: 1807285527

Numero Tranferencia Indexacao: 10000
Numero Comparacoes Indexacao: 241929
Tempo decorrido Indexacao: 0.170795

Numero Tranferencia Pesquisa: 0
Numero Comparacoes Pesquisa: 32
Tempo decorrido Pesquisa: 0.000004

-----------------TESTE: 3/10 | CHAVE: 997222-----------------

Registro foi localizado. Chave: 997222. Dado 1: 1939505310

Numero Tranferencia Indexacao: 10000
Numero Comparacoes Indexacao: 241929
Tempo decorrido Indexacao: 0.179801

Numero Tranferencia Pesquisa: 0
Numero Comparacoes Pesquisa: 30
Tempo decorrido Pesquisa: 0.000005

-----------------TESTE: 4/10 | CHAVE: 993084-----------------

Registro foi localizado. Chave: 993084. Dado 1: 1729118925

Numero Tranferencia Indexacao: 10000
Numero Comparacoes Indexacao: 241929
Tempo decorrido Indexacao: 0.194404

Numero Tranferencia Pesquisa: 0
Numero Comparacoes Pesquisa: 34
Tempo decorrido Pesquisa: 0.000004

-----------------TESTE: 5/10 | CHAVE: 992206-----------------

Registro foi localizado. Chave: 992206. Dado 1: 95469909

Numero Tranferencia Indexacao: 10000
Numero Comparacoes Indexacao: 241929
Tempo decorrido Indexacao: 0.206276

Numero Tranferencia Pesquisa: 0
Numero Comparacoes Pesquisa: 29
Tempo decorrido Pesquisa: 0.000004

-----------------TESTE: 6/10 | CHAVE: 991664-----------------

Registro foi localizado. Chave: 991664. Dado 1: 1995316529

Numero Tranferencia Indexacao: 10000
Numero Comparacoes Indexacao: 241929
Tempo decorrido Indexacao: 0.261545

Numero Tranferencia Pesquisa: 0
Numero Comparacoes Pesquisa: 30
Tempo decorrido Pesquisa: 0.000005

-----------------TESTE: 7/10 | CHAVE: 994613-----------------

Registro foi localizado. Chave: 994613. Dado 1: 1618273152

Numero Tranferencia Indexacao: 10000
Numero Comparacoes Indexacao: 241929
Tempo decorrido Indexacao: 0.276321

Numero Tranferencia Pesquisa: 0
Numero Comparacoes Pesquisa: 33
Tempo decorrido Pesquisa: 0.000005

-----------------TESTE: 8/10 | CHAVE: 999507-----------------

Registro foi localizado. Chave: 999507. Dado 1: 675178600

Numero Tranferencia Indexacao: 10000
Numero Comparacoes Indexacao: 241929
Tempo decorrido Indexacao: 0.313714

Numero Tranferencia Pesquisa: 0
Numero Comparacoes Pesquisa: 33
Tempo decorrido Pesquisa: 0.000007

-----------------TESTE: 9/10 | CHAVE: 993350-----------------

Registro foi localizado. Chave: 993350. Dado 1: 58847546

Numero Tranferencia Indexacao: 10000
Numero Comparacoes Indexacao: 241929
Tempo decorrido Indexacao: 0.288623

Numero Tranferencia Pesquisa: 0
Numero Comparacoes Pesquisa: 32
Tempo decorrido Pesquisa: 0.000004

-----------------TESTE: 10/10 | CHAVE: 998578-----------------

Registro foi localizado. Chave: 998578. Dado 1: 739258731

Numero Tranferencia Indexacao: 10000
Numero Comparacoes Indexacao: 241929
Tempo decorrido Indexacao: 0.357427

Numero Tranferencia Pesquisa: 0
Numero Comparacoes Pesquisa: 29
Tempo decorrido Pesquisa: 0.000004

-------------------MEDIA DOS RESULTADOS-------------------

Numero Tranferencia Media Indexacao: 23300.000000
Numero Comparacoes Media Indexacao: 660620.000000
Tempo decorrido Media Indexacao: 1.236085

Numero Tranferencia Media Pesquisa: 0.000000
Numero Comparacoes Media Pesquisa: 188.200000
Tempo decorrido Media Pesquisa: 0.000030


----------------------------------------------------------------------------------------------------------------------------

METODO: 4 
QUANTIADE: 10000 
SITUACAO: 3

-----------------TESTE: 1/10 | CHAVE: 102324-----------------

Registro foi localizado. Chave: 102324. Dado 1: 1722954199

Numero Tranferencia Indexacao: 10000
Numero Comparacoes Indexacao: 265644
Tempo decorrido Indexacao: 4.389729

Numero Tranferencia Pesquisa: 0
Numero Comparacoes Pesquisa: 32
Tempo decorrido Pesquisa: 0.000004

-----------------TESTE: 2/10 | CHAVE: 680431-----------------

Registro nao foi localizado. Chave 680431

-----------------TESTE: 3/10 | CHAVE: 175569-----------------

Registro nao foi localizado. Chave 175569

-----------------TESTE: 4/10 | CHAVE: 999166-----------------

Registro foi localizado. Chave: 999166. Dado 1: 126032075

Numero Tranferencia Indexacao: 10000
Numero Comparacoes Indexacao: 265644
Tempo decorrido Indexacao: 0.614938

Numero Tranferencia Pesquisa: 0
Numero Comparacoes Pesquisa: 35
Tempo decorrido Pesquisa: 0.000003

-----------------TESTE: 5/10 | CHAVE: 528594-----------------

Registro foi localizado. Chave: 528594. Dado 1: 418924587

Numero Tranferencia Indexacao: 10000
Numero Comparacoes Indexacao: 265644
Tempo decorrido Indexacao: 0.511885

Numero Tranferencia Pesquisa: 0
Numero Comparacoes Pesquisa: 35
Tempo decorrido Pesquisa: 0.000004

-----------------TESTE: 6/10 | CHAVE: 957124-----------------

Registro foi localizado. Chave: 957124. Dado 1: 1823384164

Numero Tranferencia Indexacao: 10000
Numero Comparacoes Indexacao: 265644
Tempo decorrido Indexacao: 3.336915

Numero Tranferencia Pesquisa: 0
Numero Comparacoes Pesquisa: 33
Tempo decorrido Pesquisa: 0.000005

-----------------TESTE: 7/10 | CHAVE: 602235-----------------

Registro nao foi localizado. Chave 602235

-----------------TESTE: 8/10 | CHAVE: 33639-----------------

Registro nao foi localizado. Chave 33639

-----------------TESTE: 9/10 | CHAVE: 759859-----------------

Registro foi localizado. Chave: 759859. Dado 1: 1043881763

Numero Tranferencia Indexacao: 10000
Numero Comparacoes Indexacao: 265644
Tempo decorrido Indexacao: 3.128274

Numero Tranferencia Pesquisa: 0
Numero Comparacoes Pesquisa: 34
Tempo decorrido Pesquisa: 0.000004

-----------------TESTE: 10/10 | CHAVE: 206922-----------------

Registro nao foi localizado. Chave 206922

-------------------MEDIA DOS RESULTADOS-------------------

Numero Tranferencia Media Indexacao: 33300.000000
Numero Comparacoes Media Indexacao: 926264.000000
Tempo decorrido Media Indexacao: 3.573161

Numero Tranferencia Media Pesquisa: 0.000000
Numero Comparacoes Media Pesquisa: 221.500000
Tempo decorrido Media Pesquisa: 0.000034


----------------------------------------------------------------------------------------------------------------------------

